{"numFailedTestSuites":0,"numFailedTests":0,"numPassedTestSuites":2,"numPassedTests":8,"numPendingTestSuites":0,"numPendingTests":0,"numRuntimeErrorTestSuites":0,"numTodoTests":0,"numTotalTestSuites":2,"numTotalTests":8,"openHandles":[],"snapshot":{"added":0,"didUpdate":false,"failure":false,"filesAdded":0,"filesRemoved":0,"filesRemovedList":[],"filesUnmatched":0,"filesUpdated":0,"matched":0,"total":0,"unchecked":0,"uncheckedKeysByFile":[],"unmatched":0,"updated":0},"startTime":1771778757696,"success":true,"testResults":[{"assertionResults":[{"ancestorTitles":["NotificationsController"],"duration":5,"failureDetails":[],"failureMessages":[],"fullName":"NotificationsController filters SSE events by wallet case-insensitively","invocations":1,"location":null,"numPassingAsserts":1,"retryReasons":[],"status":"passed","title":"filters SSE events by wallet case-insensitively"}],"endTime":1771778780070,"message":"","name":"C:\\Users\\PC\\Downloads\\Compressed\\web3\\diaspora-equb-product\\nextjs-dashboard\\diaspora-equb-product\\backend\\src\\notifications\\notifications.controller.spec.ts","startTime":1771778760046,"status":"passed","summary":""},{"assertionResults":[{"ancestorTitles":["NotificationsService"],"duration":9,"failureDetails":[],"failureMessages":[],"fullName":"NotificationsService dedupes when same idempotency key already exists in recent notifications","invocations":1,"location":null,"numPassingAsserts":3,"retryReasons":[],"status":"passed","title":"dedupes when same idempotency key already exists in recent notifications"},{"ancestorTitles":["NotificationsService"],"duration":2,"failureDetails":[],"failureMessages":[],"fullName":"NotificationsService creates notification and emits event when no duplicate exists","invocations":1,"location":null,"numPassingAsserts":5,"retryReasons":[],"status":"passed","title":"creates notification and emits event when no duplicate exists"},{"ancestorTitles":["NotificationsService"],"duration":2,"failureDetails":[],"failureMessages":[],"fullName":"NotificationsService dedupes idempotency key case-insensitively","invocations":1,"location":null,"numPassingAsserts":2,"retryReasons":[],"status":"passed","title":"dedupes idempotency key case-insensitively"},{"ancestorTitles":["NotificationsService"],"duration":2,"failureDetails":[],"failureMessages":[],"fullName":"NotificationsService emits events in creation order during burst","invocations":1,"location":null,"numPassingAsserts":2,"retryReasons":[],"status":"passed","title":"emits events in creation order during burst"},{"ancestorTitles":["NotificationsService"],"duration":2,"failureDetails":[],"failureMessages":[],"fullName":"NotificationsService returns incremental page with deterministic cursor and hasMore flag","invocations":1,"location":null,"numPassingAsserts":5,"retryReasons":[],"status":"passed","title":"returns incremental page with deterministic cursor and hasMore flag"},{"ancestorTitles":["NotificationsService"],"duration":2,"failureDetails":[],"failureMessages":[],"fullName":"NotificationsService normalizes wallet casing for list and unread ownership lookups","invocations":1,"location":null,"numPassingAsserts":3,"retryReasons":[],"status":"passed","title":"normalizes wallet casing for list and unread ownership lookups"},{"ancestorTitles":["NotificationsService"],"duration":1,"failureDetails":[],"failureMessages":[],"fullName":"NotificationsService normalizes wallet casing in markRead and markAllRead updates","invocations":1,"location":null,"numPassingAsserts":3,"retryReasons":[],"status":"passed","title":"normalizes wallet casing in markRead and markAllRead updates"}],"endTime":1771778780866,"message":"","name":"C:\\Users\\PC\\Downloads\\Compressed\\web3\\diaspora-equb-product\\nextjs-dashboard\\diaspora-equb-product\\backend\\src\\notifications\\notifications.service.spec.ts","startTime":1771778780076,"status":"passed","summary":""}],"wasInterrupted":false}
